<?xml version="1.0" encoding="UTF-8"?>
<!-- Generated by org.testng.reporters.JUnitReportReporter -->
<testsuite hostname="valmiki-PC" name="Com.RestAssured.Project.com.test.restassured.Place_Get_Class" tests="1" failures="0" timestamp="8 Oct 2019 11:15:22 GMT" time="5.270" errors="0">
  <testcase name="getMethod" time="5.270" classname="Com.RestAssured.Project.com.test.restassured.Place_Get_Class"/>
</testsuite> <!-- Com.RestAssured.Project.com.test.restassured.Place_Get_Class -->
