<?xml version="1.0" encoding="UTF-8"?>
<!-- Generated by org.testng.reporters.JUnitReportReporter -->
<testsuite hostname="valmiki-PC" name="Com.RestAssured.Project.com.test.restassured.Place_Get_Class" tests="1" failures="0" timestamp="27 Sep 2019 09:06:19 GMT" time="3.282" errors="0">
  <testcase name="getMethod" time="3.282" classname="Com.RestAssured.Project.com.test.restassured.Place_Get_Class"/>
</testsuite> <!-- Com.RestAssured.Project.com.test.restassured.Place_Get_Class -->
