<?xml version="1.0" encoding="UTF-8"?>
<!-- Generated by org.testng.reporters.JUnitReportReporter -->
<testsuite hostname="ll-PC" name="Com.RestAssured.Project.com.test.restassured.Place_Get_Class" tests="1" failures="0" timestamp="4 Nov 2019 16:06:21 GMT" time="2.444" errors="0">
  <testcase name="getMethod" time="2.444" classname="Com.RestAssured.Project.com.test.restassured.Place_Get_Class"/>
</testsuite> <!-- Com.RestAssured.Project.com.test.restassured.Place_Get_Class -->
