<?xml version="1.0" encoding="UTF-8"?>
<!-- Generated by org.testng.reporters.JUnitReportReporter -->
<testsuite hostname="valmiki-PC" name="Com.RestAssured.Project.com.test.restassured.Place_Get_Class" tests="1" failures="0" timestamp="6 Oct 2019 12:09:14 GMT" time="3.531" errors="0">
  <testcase name="getMethod" time="3.531" classname="Com.RestAssured.Project.com.test.restassured.Place_Get_Class"/>
</testsuite> <!-- Com.RestAssured.Project.com.test.restassured.Place_Get_Class -->
